<?xml version="1.0" encoding="UTF-8"?>
<coverage generated="1580895440749" clover="3.2.0">
  <project timestamp="1580895440749" name="All files">
    <metrics statements="31" coveredstatements="29" conditionals="10" coveredconditionals="9" methods="5" coveredmethods="5" elements="46" coveredelements="43" complexity="0" loc="31" ncloc="31" packages="1" files="2" classes="2"/>
    <file name="index.js" path="C:\Users\nikita\Documents\frontend-project-lvl2\src\index.js">
      <metrics statements="7" coveredstatements="7" conditionals="0" coveredconditionals="0" methods="1" coveredmethods="1"/>
      <line num="7" count="1" type="stmt"/>
      <line num="14" count="3" type="stmt"/>
      <line num="15" count="3" type="stmt"/>
      <line num="17" count="3" type="stmt"/>
      <line num="18" count="3" type="stmt"/>
      <line num="19" count="3" type="stmt"/>
      <line num="20" count="3" type="stmt"/>
    </file>
    <file name="parsers.js" path="C:\Users\nikita\Documents\frontend-project-lvl2\src\parsers.js">
      <metrics statements="24" coveredstatements="22" conditionals="10" coveredconditionals="9" methods="4" coveredmethods="4"/>
      <line num="3" count="1" type="stmt"/>
      <line num="4" count="3" type="cond" truecount="1" falsecount="1"/>
      <line num="5" count="0" type="stmt"/>
      <line num="6" count="0" type="stmt"/>
      <line num="8" count="3" type="stmt"/>
      <line num="9" count="18" type="cond" truecount="2" falsecount="0"/>
      <line num="10" count="18" type="stmt"/>
      <line num="11" count="18" type="stmt"/>
      <line num="14" count="3" type="stmt"/>
      <line num="15" count="3" type="stmt"/>
      <line num="19" count="3" type="stmt"/>
      <line num="20" count="3" type="stmt"/>
      <line num="21" count="15" type="cond" truecount="2" falsecount="0"/>
      <line num="24" count="6" type="stmt"/>
      <line num="29" count="9" type="cond" truecount="2" falsecount="0"/>
      <line num="32" count="3" type="stmt"/>
      <line num="37" count="6" type="cond" truecount="2" falsecount="0"/>
      <line num="41" count="3" type="stmt"/>
      <line num="46" count="3" type="stmt"/>
      <line num="54" count="3" type="stmt"/>
      <line num="60" count="15" type="stmt"/>
      <line num="62" count="3" type="stmt"/>
      <line num="63" count="3" type="stmt"/>
      <line num="65" count="3" type="stmt"/>
    </file>
  </project>
</coverage>
