<?xml version="1.0" encoding="UTF-8"?>
<coverage generated="1581664431112" clover="3.2.0">
  <project timestamp="1581664431112" name="All files">
    <metrics statements="94" coveredstatements="94" conditionals="44" coveredconditionals="44" methods="16" coveredmethods="16" elements="154" coveredelements="154" complexity="0" loc="94" ncloc="94" packages="2" files="5" classes="5"/>
    <package name="src">
      <metrics statements="39" coveredstatements="39" conditionals="19" coveredconditionals="19" methods="4" coveredmethods="4"/>
      <file name="index.js" path="C:\Users\nikita\Documents\frontend-project-lvl2\src\index.js">
        <metrics statements="9" coveredstatements="9" conditionals="1" coveredconditionals="1" methods="1" coveredmethods="1"/>
        <line num="10" count="1" type="stmt"/>
        <line num="16" count="1" type="stmt"/>
        <line num="23" count="8" type="stmt"/>
        <line num="24" count="8" type="stmt"/>
        <line num="26" count="8" type="stmt"/>
        <line num="27" count="8" type="stmt"/>
        <line num="28" count="8" type="stmt"/>
        <line num="29" count="8" type="stmt"/>
        <line num="30" count="8" type="stmt"/>
      </file>
      <file name="parsers.js" path="C:\Users\nikita\Documents\frontend-project-lvl2\src\parsers.js">
        <metrics statements="30" coveredstatements="30" conditionals="18" coveredconditionals="18" methods="3" coveredmethods="3"/>
        <line num="3" count="1" type="stmt"/>
        <line num="4" count="38" type="stmt"/>
        <line num="5" count="38" type="stmt"/>
        <line num="6" count="110" type="stmt"/>
        <line num="14" count="110" type="cond" truecount="2" falsecount="0"/>
        <line num="16" count="31" type="stmt"/>
        <line num="17" count="31" type="stmt"/>
        <line num="18" count="31" type="stmt"/>
        <line num="20" count="31" type="cond" truecount="2" falsecount="0"/>
        <line num="21" count="10" type="stmt"/>
        <line num="23" count="79" type="cond" truecount="2" falsecount="0"/>
        <line num="25" count="13" type="stmt"/>
        <line num="26" count="13" type="stmt"/>
        <line num="27" count="13" type="stmt"/>
        <line num="28" count="13" type="cond" truecount="2" falsecount="0"/>
        <line num="29" count="5" type="stmt"/>
        <line num="34" count="66" type="stmt"/>
        <line num="35" count="66" type="stmt"/>
        <line num="37" count="66" type="stmt"/>
        <line num="38" count="66" type="stmt"/>
        <line num="40" count="66" type="cond" truecount="4" falsecount="0"/>
        <line num="42" count="46" type="cond" truecount="2" falsecount="0"/>
        <line num="43" count="20" type="cond" truecount="4" falsecount="0"/>
        <line num="44" count="15" type="stmt"/>
        <line num="45" count="15" type="stmt"/>
        <line num="46" count="15" type="stmt"/>
        <line num="48" count="5" type="stmt"/>
        <line num="51" count="110" type="stmt"/>
        <line num="53" count="38" type="stmt"/>
        <line num="56" count="8" type="stmt"/>
      </file>
    </package>
    <package name="src.formatters">
      <metrics statements="55" coveredstatements="55" conditionals="25" coveredconditionals="25" methods="12" coveredmethods="12"/>
      <file name="json-formatter.js" path="C:\Users\nikita\Documents\frontend-project-lvl2\src\formatters\json-formatter.js">
        <metrics statements="1" coveredstatements="1" conditionals="0" coveredconditionals="0" methods="1" coveredmethods="1"/>
        <line num="2" count="1" type="stmt"/>
      </file>
      <file name="plain-formatter.js" path="C:\Users\nikita\Documents\frontend-project-lvl2\src\formatters\plain-formatter.js">
        <metrics statements="22" coveredstatements="22" conditionals="13" coveredconditionals="13" methods="5" coveredmethods="5"/>
        <line num="1" count="1" type="stmt"/>
        <line num="2" count="26" type="cond" truecount="2" falsecount="0"/>
        <line num="3" count="21" type="stmt"/>
        <line num="5" count="5" type="stmt"/>
        <line num="8" count="1" type="stmt"/>
        <line num="9" count="13" type="stmt"/>
        <line num="10" count="13" type="stmt"/>
        <line num="11" count="13" type="cond" truecount="4" falsecount="0"/>
        <line num="13" count="5" type="stmt"/>
        <line num="15" count="2" type="stmt"/>
        <line num="17" count="3" type="stmt"/>
        <line num="19" count="3" type="stmt"/>
        <line num="23" count="4" type="stmt"/>
        <line num="24" count="16" type="cond" truecount="5" falsecount="0"/>
        <line num="25" count="3" type="stmt"/>
        <line num="26" count="3" type="stmt"/>
        <line num="28" count="13" type="stmt"/>
        <line num="29" count="13" type="stmt"/>
        <line num="30" count="13" type="cond" truecount="2" falsecount="0"/>
        <line num="31" count="3" type="stmt"/>
        <line num="33" count="10" type="stmt"/>
        <line num="36" count="1" type="stmt"/>
      </file>
      <file name="txt-formatter.js" path="C:\Users\nikita\Documents\frontend-project-lvl2\src\formatters\txt-formatter.js">
        <metrics statements="32" coveredstatements="32" conditionals="12" coveredconditionals="12" methods="6" coveredmethods="6"/>
        <line num="1" count="1" type="stmt"/>
        <line num="3" count="1" type="stmt"/>
        <line num="4" count="78" type="stmt"/>
        <line num="5" count="78" type="cond" truecount="2" falsecount="0"/>
        <line num="6" count="69" type="stmt"/>
        <line num="8" count="9" type="stmt"/>
        <line num="9" count="9" type="stmt"/>
        <line num="10" count="9" type="stmt"/>
        <line num="12" count="9" type="stmt"/>
        <line num="15" count="1" type="stmt"/>
        <line num="16" count="72" type="cond" truecount="3" falsecount="0"/>
        <line num="18" count="21" type="stmt"/>
        <line num="20" count="9" type="stmt"/>
        <line num="22" count="42" type="stmt"/>
        <line num="26" count="1" type="cond" truecount="1" falsecount="0"/>
        <line num="27" count="24" type="stmt"/>
        <line num="28" count="24" type="stmt"/>
        <line num="29" count="72" type="stmt"/>
        <line num="30" count="72" type="cond" truecount="2" falsecount="0"/>
        <line num="31" count="18" type="stmt"/>
        <line num="32" count="18" type="stmt"/>
        <line num="34" count="54" type="cond" truecount="2" falsecount="0"/>
        <line num="35" count="54" type="stmt"/>
        <line num="37" count="54" type="cond" truecount="2" falsecount="0"/>
        <line num="38" count="42" type="stmt"/>
        <line num="40" count="12" type="stmt"/>
        <line num="41" count="12" type="stmt"/>
        <line num="42" count="12" type="stmt"/>
        <line num="46" count="24" type="stmt"/>
        <line num="47" count="24" type="stmt"/>
        <line num="51" count="6" type="stmt"/>
        <line num="52" count="6" type="stmt"/>
      </file>
    </package>
  </project>
</coverage>
