{"C:\\Users\\nikita\\Documents\\frontend-project-lvl2\\src\\index.js": {"path":"C:\\Users\\nikita\\Documents\\frontend-project-lvl2\\src\\index.js","statementMap":{"0":{"start":{"line":10,"column":24},"end":{"line":14,"column":1}},"1":{"start":{"line":16,"column":22},"end":{"line":20,"column":1}},"2":{"start":{"line":23,"column":21},"end":{"line":23,"column":51}},"3":{"start":{"line":24,"column":20},"end":{"line":24,"column":50}},"4":{"start":{"line":26,"column":16},"end":{"line":26,"column":41}},"5":{"start":{"line":27,"column":20},"end":{"line":27,"column":37}},"6":{"start":{"line":28,"column":19},"end":{"line":28,"column":35}},"7":{"start":{"line":29,"column":17},"end":{"line":29,"column":38}},"8":{"start":{"line":30,"column":2},"end":{"line":30,"column":50}}},"fnMap":{"0":{"name":"(anonymous_0)","decl":{"start":{"line":22,"column":15},"end":{"line":22,"column":16}},"loc":{"start":{"line":22,"column":59},"end":{"line":31,"column":1}},"line":22}},"branchMap":{"0":{"loc":{"start":{"line":22,"column":40},"end":{"line":22,"column":54}},"type":"default-arg","locations":[{"start":{"line":22,"column":49},"end":{"line":22,"column":54}}],"line":22}},"s":{"0":1,"1":1,"2":8,"3":8,"4":8,"5":8,"6":8,"7":8,"8":8},"f":{"0":8},"b":{"0":[6]},"_coverageSchema":"1a1c01bbd47fc00a2c39e90264f33305004495a9","hash":"1b622dc1770e5a95b9245dbcca21e205a1fb7011"}
,"C:\\Users\\nikita\\Documents\\frontend-project-lvl2\\src\\parsers.js": {"path":"C:\\Users\\nikita\\Documents\\frontend-project-lvl2\\src\\parsers.js","statementMap":{"0":{"start":{"line":3,"column":14},"end":{"line":54,"column":1}},"1":{"start":{"line":4,"column":18},"end":{"line":4,"column":67}},"2":{"start":{"line":5,"column":22},"end":{"line":52,"column":8}},"3":{"start":{"line":6,"column":17},"end":{"line":12,"column":5}},"4":{"start":{"line":14,"column":4},"end":{"line":50,"column":5}},"5":{"start":{"line":16,"column":25},"end":{"line":16,"column":38}},"6":{"start":{"line":17,"column":6},"end":{"line":17,"column":35}},"7":{"start":{"line":18,"column":6},"end":{"line":18,"column":28}},"8":{"start":{"line":20,"column":6},"end":{"line":22,"column":7}},"9":{"start":{"line":21,"column":8},"end":{"line":21,"column":54}},"10":{"start":{"line":23,"column":11},"end":{"line":50,"column":5}},"11":{"start":{"line":25,"column":26},"end":{"line":25,"column":40}},"12":{"start":{"line":26,"column":6},"end":{"line":26,"column":37}},"13":{"start":{"line":27,"column":6},"end":{"line":27,"column":31}},"14":{"start":{"line":28,"column":6},"end":{"line":30,"column":7}},"15":{"start":{"line":29,"column":8},"end":{"line":29,"column":56}},"16":{"start":{"line":34,"column":25},"end":{"line":34,"column":38}},"17":{"start":{"line":35,"column":26},"end":{"line":35,"column":40}},"18":{"start":{"line":37,"column":6},"end":{"line":37,"column":35}},"19":{"start":{"line":38,"column":6},"end":{"line":38,"column":37}},"20":{"start":{"line":40,"column":6},"end":{"line":49,"column":7}},"21":{"start":{"line":42,"column":8},"end":{"line":42,"column":74}},"22":{"start":{"line":43,"column":13},"end":{"line":49,"column":7}},"23":{"start":{"line":44,"column":8},"end":{"line":44,"column":31}},"24":{"start":{"line":45,"column":22},"end":{"line":45,"column":52}},"25":{"start":{"line":46,"column":8},"end":{"line":46,"column":30}},"26":{"start":{"line":48,"column":8},"end":{"line":48,"column":34}},"27":{"start":{"line":51,"column":4},"end":{"line":51,"column":26}},"28":{"start":{"line":53,"column":2},"end":{"line":53,"column":21}},"29":{"start":{"line":56,"column":40},"end":{"line":56,"column":66}}},"fnMap":{"0":{"name":"(anonymous_0)","decl":{"start":{"line":3,"column":14},"end":{"line":3,"column":15}},"loc":{"start":{"line":3,"column":39},"end":{"line":54,"column":1}},"line":3},"1":{"name":"(anonymous_1)","decl":{"start":{"line":5,"column":37},"end":{"line":5,"column":38}},"loc":{"start":{"line":5,"column":51},"end":{"line":52,"column":3}},"line":5},"2":{"name":"(anonymous_2)","decl":{"start":{"line":56,"column":15},"end":{"line":56,"column":16}},"loc":{"start":{"line":56,"column":40},"end":{"line":56,"column":66}},"line":56}},"branchMap":{"0":{"loc":{"start":{"line":14,"column":4},"end":{"line":50,"column":5}},"type":"if","locations":[{"start":{"line":14,"column":4},"end":{"line":50,"column":5}},{"start":{"line":14,"column":4},"end":{"line":50,"column":5}}],"line":14},"1":{"loc":{"start":{"line":20,"column":6},"end":{"line":22,"column":7}},"type":"if","locations":[{"start":{"line":20,"column":6},"end":{"line":22,"column":7}},{"start":{"line":20,"column":6},"end":{"line":22,"column":7}}],"line":20},"2":{"loc":{"start":{"line":23,"column":11},"end":{"line":50,"column":5}},"type":"if","locations":[{"start":{"line":23,"column":11},"end":{"line":50,"column":5}},{"start":{"line":23,"column":11},"end":{"line":50,"column":5}}],"line":23},"3":{"loc":{"start":{"line":28,"column":6},"end":{"line":30,"column":7}},"type":"if","locations":[{"start":{"line":28,"column":6},"end":{"line":30,"column":7}},{"start":{"line":28,"column":6},"end":{"line":30,"column":7}}],"line":28},"4":{"loc":{"start":{"line":40,"column":6},"end":{"line":49,"column":7}},"type":"if","locations":[{"start":{"line":40,"column":6},"end":{"line":49,"column":7}},{"start":{"line":40,"column":6},"end":{"line":49,"column":7}}],"line":40},"5":{"loc":{"start":{"line":40,"column":10},"end":{"line":40,"column":78}},"type":"binary-expr","locations":[{"start":{"line":40,"column":10},"end":{"line":40,"column":42}},{"start":{"line":40,"column":46},"end":{"line":40,"column":78}}],"line":40},"6":{"loc":{"start":{"line":42,"column":24},"end":{"line":42,"column":73}},"type":"cond-expr","locations":[{"start":{"line":42,"column":53},"end":{"line":42,"column":61}},{"start":{"line":42,"column":64},"end":{"line":42,"column":73}}],"line":42},"7":{"loc":{"start":{"line":43,"column":13},"end":{"line":49,"column":7}},"type":"if","locations":[{"start":{"line":43,"column":13},"end":{"line":49,"column":7}},{"start":{"line":43,"column":13},"end":{"line":49,"column":7}}],"line":43},"8":{"loc":{"start":{"line":43,"column":17},"end":{"line":43,"column":86}},"type":"binary-expr","locations":[{"start":{"line":43,"column":17},"end":{"line":43,"column":50}},{"start":{"line":43,"column":54},"end":{"line":43,"column":86}}],"line":43}},"s":{"0":1,"1":38,"2":38,"3":110,"4":110,"5":31,"6":31,"7":31,"8":31,"9":10,"10":79,"11":13,"12":13,"13":13,"14":13,"15":5,"16":66,"17":66,"18":66,"19":66,"20":66,"21":46,"22":20,"23":15,"24":15,"25":15,"26":5,"27":110,"28":38,"29":8},"f":{"0":38,"1":110,"2":8},"b":{"0":[31,79],"1":[10,21],"2":[13,66],"3":[5,8],"4":[46,20],"5":[66,46],"6":[33,13],"7":[15,5],"8":[20,15]},"_coverageSchema":"1a1c01bbd47fc00a2c39e90264f33305004495a9","hash":"1358215fd6d934f274c452edeb296183a9327856"}
,"C:\\Users\\nikita\\Documents\\frontend-project-lvl2\\src\\formatters\\json-formatter.js": {"path":"C:\\Users\\nikita\\Documents\\frontend-project-lvl2\\src\\formatters\\json-formatter.js","statementMap":{"0":{"start":{"line":2,"column":32},"end":{"line":2,"column":59}}},"fnMap":{"0":{"name":"(anonymous_0)","decl":{"start":{"line":2,"column":15},"end":{"line":2,"column":16}},"loc":{"start":{"line":2,"column":32},"end":{"line":2,"column":59}},"line":2}},"branchMap":{},"s":{"0":1},"f":{"0":1},"b":{},"_coverageSchema":"1a1c01bbd47fc00a2c39e90264f33305004495a9","hash":"ba28e26cf8fb78aaa557a4477a59d7698fefe7e5"}
,"C:\\Users\\nikita\\Documents\\frontend-project-lvl2\\src\\formatters\\plain-formatter.js": {"path":"C:\\Users\\nikita\\Documents\\frontend-project-lvl2\\src\\formatters\\plain-formatter.js","statementMap":{"0":{"start":{"line":1,"column":18},"end":{"line":6,"column":1}},"1":{"start":{"line":2,"column":2},"end":{"line":4,"column":3}},"2":{"start":{"line":3,"column":4},"end":{"line":3,"column":17}},"3":{"start":{"line":5,"column":2},"end":{"line":5,"column":27}},"4":{"start":{"line":8,"column":20},"end":{"line":21,"column":1}},"5":{"start":{"line":9,"column":22},"end":{"line":9,"column":49}},"6":{"start":{"line":10,"column":21},"end":{"line":10,"column":47}},"7":{"start":{"line":11,"column":2},"end":{"line":20,"column":3}},"8":{"start":{"line":13,"column":6},"end":{"line":13,"column":78}},"9":{"start":{"line":15,"column":6},"end":{"line":15,"column":54}},"10":{"start":{"line":17,"column":6},"end":{"line":17,"column":91}},"11":{"start":{"line":19,"column":6},"end":{"line":19,"column":16}},"12":{"start":{"line":23,"column":15},"end":{"line":34,"column":17}},"13":{"start":{"line":23,"column":38},"end":{"line":34,"column":17}},"14":{"start":{"line":24,"column":2},"end":{"line":27,"column":3}},"15":{"start":{"line":25,"column":25},"end":{"line":25,"column":68}},"16":{"start":{"line":26,"column":4},"end":{"line":26,"column":34}},"17":{"start":{"line":28,"column":23},"end":{"line":28,"column":53}},"18":{"start":{"line":29,"column":19},"end":{"line":29,"column":50}},"19":{"start":{"line":30,"column":2},"end":{"line":32,"column":3}},"20":{"start":{"line":31,"column":4},"end":{"line":31,"column":15}},"21":{"start":{"line":33,"column":2},"end":{"line":33,"column":28}},"22":{"start":{"line":36,"column":32},"end":{"line":36,"column":55}}},"fnMap":{"0":{"name":"(anonymous_0)","decl":{"start":{"line":1,"column":18},"end":{"line":1,"column":19}},"loc":{"start":{"line":1,"column":29},"end":{"line":6,"column":1}},"line":1},"1":{"name":"(anonymous_1)","decl":{"start":{"line":8,"column":20},"end":{"line":8,"column":21}},"loc":{"start":{"line":8,"column":44},"end":{"line":21,"column":1}},"line":8},"2":{"name":"(anonymous_2)","decl":{"start":{"line":23,"column":15},"end":{"line":23,"column":16}},"loc":{"start":{"line":23,"column":38},"end":{"line":34,"column":17}},"line":23},"3":{"name":"(anonymous_3)","decl":{"start":{"line":23,"column":57},"end":{"line":23,"column":58}},"loc":{"start":{"line":23,"column":72},"end":{"line":34,"column":1}},"line":23},"4":{"name":"(anonymous_4)","decl":{"start":{"line":36,"column":15},"end":{"line":36,"column":16}},"loc":{"start":{"line":36,"column":32},"end":{"line":36,"column":55}},"line":36}},"branchMap":{"0":{"loc":{"start":{"line":2,"column":2},"end":{"line":4,"column":3}},"type":"if","locations":[{"start":{"line":2,"column":2},"end":{"line":4,"column":3}},{"start":{"line":2,"column":2},"end":{"line":4,"column":3}}],"line":2},"1":{"loc":{"start":{"line":11,"column":2},"end":{"line":20,"column":3}},"type":"switch","locations":[{"start":{"line":12,"column":4},"end":{"line":13,"column":78}},{"start":{"line":14,"column":4},"end":{"line":15,"column":54}},{"start":{"line":16,"column":4},"end":{"line":17,"column":91}},{"start":{"line":18,"column":4},"end":{"line":19,"column":16}}],"line":11},"2":{"loc":{"start":{"line":24,"column":2},"end":{"line":27,"column":3}},"type":"if","locations":[{"start":{"line":24,"column":2},"end":{"line":27,"column":3}},{"start":{"line":24,"column":2},"end":{"line":27,"column":3}}],"line":24},"3":{"loc":{"start":{"line":24,"column":6},"end":{"line":24,"column":87}},"type":"binary-expr","locations":[{"start":{"line":24,"column":6},"end":{"line":24,"column":30}},{"start":{"line":24,"column":34},"end":{"line":24,"column":57}},{"start":{"line":24,"column":61},"end":{"line":24,"column":87}}],"line":24},"4":{"loc":{"start":{"line":30,"column":2},"end":{"line":32,"column":3}},"type":"if","locations":[{"start":{"line":30,"column":2},"end":{"line":32,"column":3}},{"start":{"line":30,"column":2},"end":{"line":32,"column":3}}],"line":30}},"s":{"0":1,"1":26,"2":21,"3":5,"4":1,"5":13,"6":13,"7":13,"8":5,"9":2,"10":3,"11":3,"12":1,"13":4,"14":16,"15":3,"16":3,"17":13,"18":13,"19":13,"20":3,"21":10,"22":1},"f":{"0":26,"1":13,"2":4,"3":16,"4":1},"b":{"0":[21,5],"1":[5,2,3,3],"2":[3,13],"3":[16,6,4],"4":[3,10]},"_coverageSchema":"1a1c01bbd47fc00a2c39e90264f33305004495a9","hash":"9898cc6d67d61eb4ae6052dabd0866e745054f1b"}
,"C:\\Users\\nikita\\Documents\\frontend-project-lvl2\\src\\formatters\\txt-formatter.js": {"path":"C:\\Users\\nikita\\Documents\\frontend-project-lvl2\\src\\formatters\\txt-formatter.js","statementMap":{"0":{"start":{"line":1,"column":14},"end":{"line":1,"column":20}},"1":{"start":{"line":3,"column":18},"end":{"line":13,"column":1}},"2":{"start":{"line":4,"column":23},"end":{"line":4,"column":41}},"3":{"start":{"line":5,"column":2},"end":{"line":7,"column":3}},"4":{"start":{"line":6,"column":4},"end":{"line":6,"column":17}},"5":{"start":{"line":8,"column":17},"end":{"line":11,"column":19}},"6":{"start":{"line":9,"column":16},"end":{"line":9,"column":26}},"7":{"start":{"line":10,"column":4},"end":{"line":10,"column":38}},"8":{"start":{"line":12,"column":2},"end":{"line":12,"column":65}},"9":{"start":{"line":15,"column":32},"end":{"line":24,"column":1}},"10":{"start":{"line":16,"column":2},"end":{"line":23,"column":3}},"11":{"start":{"line":18,"column":6},"end":{"line":18,"column":20}},"12":{"start":{"line":20,"column":6},"end":{"line":20,"column":20}},"13":{"start":{"line":22,"column":6},"end":{"line":22,"column":20}},"14":{"start":{"line":26,"column":15},"end":{"line":48,"column":1}},"15":{"start":{"line":27,"column":23},"end":{"line":27,"column":41}},"16":{"start":{"line":28,"column":22},"end":{"line":44,"column":8}},"17":{"start":{"line":29,"column":23},"end":{"line":29,"column":61}},"18":{"start":{"line":30,"column":4},"end":{"line":33,"column":5}},"19":{"start":{"line":31,"column":24},"end":{"line":31,"column":55}},"20":{"start":{"line":32,"column":6},"end":{"line":32,"column":109}},"21":{"start":{"line":34,"column":18},"end":{"line":34,"column":81}},"22":{"start":{"line":35,"column":21},"end":{"line":35,"column":37}},"23":{"start":{"line":37,"column":4},"end":{"line":39,"column":5}},"24":{"start":{"line":38,"column":6},"end":{"line":38,"column":79}},"25":{"start":{"line":40,"column":24},"end":{"line":40,"column":61}},"26":{"start":{"line":41,"column":23},"end":{"line":41,"column":59}},"27":{"start":{"line":42,"column":4},"end":{"line":43,"column":56}},"28":{"start":{"line":46,"column":20},"end":{"line":46,"column":42}},"29":{"start":{"line":47,"column":2},"end":{"line":47,"column":19}},"30":{"start":{"line":51,"column":17},"end":{"line":51,"column":36}},"31":{"start":{"line":52,"column":2},"end":{"line":52,"column":27}}},"fnMap":{"0":{"name":"(anonymous_0)","decl":{"start":{"line":3,"column":18},"end":{"line":3,"column":19}},"loc":{"start":{"line":3,"column":35},"end":{"line":13,"column":1}},"line":3},"1":{"name":"(anonymous_1)","decl":{"start":{"line":8,"column":50},"end":{"line":8,"column":51}},"loc":{"start":{"line":8,"column":64},"end":{"line":11,"column":3}},"line":8},"2":{"name":"(anonymous_2)","decl":{"start":{"line":15,"column":32},"end":{"line":15,"column":33}},"loc":{"start":{"line":15,"column":46},"end":{"line":24,"column":1}},"line":15},"3":{"name":"(anonymous_3)","decl":{"start":{"line":26,"column":15},"end":{"line":26,"column":16}},"loc":{"start":{"line":26,"column":42},"end":{"line":48,"column":1}},"line":26},"4":{"name":"(anonymous_4)","decl":{"start":{"line":28,"column":41},"end":{"line":28,"column":42}},"loc":{"start":{"line":28,"column":56},"end":{"line":44,"column":3}},"line":28},"5":{"name":"(anonymous_5)","decl":{"start":{"line":50,"column":15},"end":{"line":50,"column":16}},"loc":{"start":{"line":50,"column":32},"end":{"line":53,"column":1}},"line":50}},"branchMap":{"0":{"loc":{"start":{"line":5,"column":2},"end":{"line":7,"column":3}},"type":"if","locations":[{"start":{"line":5,"column":2},"end":{"line":7,"column":3}},{"start":{"line":5,"column":2},"end":{"line":7,"column":3}}],"line":5},"1":{"loc":{"start":{"line":16,"column":2},"end":{"line":23,"column":3}},"type":"switch","locations":[{"start":{"line":17,"column":4},"end":{"line":18,"column":20}},{"start":{"line":19,"column":4},"end":{"line":20,"column":20}},{"start":{"line":21,"column":4},"end":{"line":22,"column":20}}],"line":16},"2":{"loc":{"start":{"line":26,"column":29},"end":{"line":26,"column":37}},"type":"default-arg","locations":[{"start":{"line":26,"column":36},"end":{"line":26,"column":37}}],"line":26},"3":{"loc":{"start":{"line":30,"column":4},"end":{"line":33,"column":5}},"type":"if","locations":[{"start":{"line":30,"column":4},"end":{"line":33,"column":5}},{"start":{"line":30,"column":4},"end":{"line":33,"column":5}}],"line":30},"4":{"loc":{"start":{"line":34,"column":18},"end":{"line":34,"column":81}},"type":"cond-expr","locations":[{"start":{"line":34,"column":47},"end":{"line":34,"column":63}},{"start":{"line":34,"column":66},"end":{"line":34,"column":81}}],"line":34},"5":{"loc":{"start":{"line":37,"column":4},"end":{"line":39,"column":5}},"type":"if","locations":[{"start":{"line":37,"column":4},"end":{"line":39,"column":5}},{"start":{"line":37,"column":4},"end":{"line":39,"column":5}}],"line":37}},"s":{"0":1,"1":1,"2":78,"3":78,"4":69,"5":9,"6":9,"7":9,"8":9,"9":1,"10":72,"11":21,"12":9,"13":42,"14":1,"15":24,"16":24,"17":72,"18":72,"19":18,"20":18,"21":54,"22":54,"23":54,"24":42,"25":12,"26":12,"27":12,"28":24,"29":24,"30":6,"31":6},"f":{"0":78,"1":9,"2":72,"3":24,"4":72,"5":6},"b":{"0":[69,9],"1":[21,9,42],"2":[6],"3":[18,54],"4":[6,48],"5":[42,12]},"_coverageSchema":"1a1c01bbd47fc00a2c39e90264f33305004495a9","hash":"971095fc2293d4e854827ef668947c39e0443859"}
}
