{"C:\\Users\\nikita\\Documents\\frontend-project-lvl2\\src\\index.js": {"path":"C:\\Users\\nikita\\Documents\\frontend-project-lvl2\\src\\index.js","statementMap":{"0":{"start":{"line":7,"column":16},"end":{"line":11,"column":1}},"1":{"start":{"line":14,"column":21},"end":{"line":14,"column":51}},"2":{"start":{"line":15,"column":20},"end":{"line":15,"column":50}},"3":{"start":{"line":17,"column":16},"end":{"line":17,"column":31}},"4":{"start":{"line":18,"column":20},"end":{"line":18,"column":37}},"5":{"start":{"line":19,"column":19},"end":{"line":19,"column":35}},"6":{"start":{"line":20,"column":2},"end":{"line":20,"column":42}}},"fnMap":{"0":{"name":"(anonymous_0)","decl":{"start":{"line":13,"column":15},"end":{"line":13,"column":16}},"loc":{"start":{"line":13,"column":41},"end":{"line":21,"column":1}},"line":13}},"branchMap":{},"s":{"0":1,"1":3,"2":3,"3":3,"4":3,"5":3,"6":3},"f":{"0":3},"b":{},"_coverageSchema":"1a1c01bbd47fc00a2c39e90264f33305004495a9","hash":"6aed72198bd7bb48190a37ed61e41bcbb36e8d85"}
,"C:\\Users\\nikita\\Documents\\frontend-project-lvl2\\src\\parsers.js": {"path":"C:\\Users\\nikita\\Documents\\frontend-project-lvl2\\src\\parsers.js","statementMap":{"0":{"start":{"line":3,"column":15},"end":{"line":16,"column":1}},"1":{"start":{"line":4,"column":2},"end":{"line":7,"column":3}},"2":{"start":{"line":5,"column":4},"end":{"line":5,"column":25}},"3":{"start":{"line":6,"column":4},"end":{"line":6,"column":14}},"4":{"start":{"line":8,"column":22},"end":{"line":12,"column":8}},"5":{"start":{"line":9,"column":24},"end":{"line":9,"column":65}},"6":{"start":{"line":10,"column":4},"end":{"line":10,"column":54}},"7":{"start":{"line":11,"column":4},"end":{"line":11,"column":15}},"8":{"start":{"line":14,"column":20},"end":{"line":14,"column":42}},"9":{"start":{"line":15,"column":2},"end":{"line":15,"column":30}},"10":{"start":{"line":19,"column":18},"end":{"line":19,"column":67}},"11":{"start":{"line":20,"column":22},"end":{"line":61,"column":8}},"12":{"start":{"line":21,"column":4},"end":{"line":59,"column":5}},"13":{"start":{"line":24,"column":6},"end":{"line":28,"column":9}},"14":{"start":{"line":29,"column":11},"end":{"line":59,"column":5}},"15":{"start":{"line":32,"column":6},"end":{"line":36,"column":9}},"16":{"start":{"line":37,"column":11},"end":{"line":59,"column":5}},"17":{"start":{"line":41,"column":6},"end":{"line":45,"column":9}},"18":{"start":{"line":46,"column":6},"end":{"line":50,"column":9}},"19":{"start":{"line":54,"column":6},"end":{"line":58,"column":9}},"20":{"start":{"line":60,"column":4},"end":{"line":60,"column":15}},"21":{"start":{"line":62,"column":17},"end":{"line":62,"column":36}},"22":{"start":{"line":63,"column":2},"end":{"line":63,"column":22}},"23":{"start":{"line":65,"column":2},"end":{"line":65,"column":16}}},"fnMap":{"0":{"name":"(anonymous_0)","decl":{"start":{"line":3,"column":15},"end":{"line":3,"column":16}},"loc":{"start":{"line":3,"column":32},"end":{"line":16,"column":1}},"line":3},"1":{"name":"(anonymous_1)","decl":{"start":{"line":8,"column":41},"end":{"line":8,"column":42}},"loc":{"start":{"line":8,"column":54},"end":{"line":12,"column":3}},"line":8},"2":{"name":"(anonymous_2)","decl":{"start":{"line":18,"column":15},"end":{"line":18,"column":16}},"loc":{"start":{"line":18,"column":40},"end":{"line":66,"column":1}},"line":18},"3":{"name":"(anonymous_3)","decl":{"start":{"line":20,"column":37},"end":{"line":20,"column":38}},"loc":{"start":{"line":20,"column":51},"end":{"line":61,"column":3}},"line":20}},"branchMap":{"0":{"loc":{"start":{"line":4,"column":2},"end":{"line":7,"column":3}},"type":"if","locations":[{"start":{"line":4,"column":2},"end":{"line":7,"column":3}},{"start":{"line":4,"column":2},"end":{"line":7,"column":3}}],"line":4},"1":{"loc":{"start":{"line":9,"column":24},"end":{"line":9,"column":65}},"type":"cond-expr","locations":[{"start":{"line":9,"column":41},"end":{"line":9,"column":47}},{"start":{"line":9,"column":50},"end":{"line":9,"column":65}}],"line":9},"2":{"loc":{"start":{"line":21,"column":4},"end":{"line":59,"column":5}},"type":"if","locations":[{"start":{"line":21,"column":4},"end":{"line":59,"column":5}},{"start":{"line":21,"column":4},"end":{"line":59,"column":5}}],"line":21},"3":{"loc":{"start":{"line":29,"column":11},"end":{"line":59,"column":5}},"type":"if","locations":[{"start":{"line":29,"column":11},"end":{"line":59,"column":5}},{"start":{"line":29,"column":11},"end":{"line":59,"column":5}}],"line":29},"4":{"loc":{"start":{"line":37,"column":11},"end":{"line":59,"column":5}},"type":"if","locations":[{"start":{"line":37,"column":11},"end":{"line":59,"column":5}},{"start":{"line":37,"column":11},"end":{"line":59,"column":5}}],"line":37}},"s":{"0":1,"1":3,"2":0,"3":0,"4":3,"5":18,"6":18,"7":18,"8":3,"9":3,"10":3,"11":3,"12":15,"13":6,"14":9,"15":3,"16":6,"17":3,"18":3,"19":3,"20":15,"21":3,"22":3,"23":3},"f":{"0":3,"1":18,"2":3,"3":15},"b":{"0":[0,3],"1":[3,15],"2":[6,9],"3":[3,6],"4":[3,3]},"_coverageSchema":"1a1c01bbd47fc00a2c39e90264f33305004495a9","hash":"e50bdc53c4d0dd73b8473b068a4651865ee6a08e"}
}
