TN:
SF:src\index.js
FN:13,(anonymous_0)
FNF:1
FNH:1
FNDA:3,(anonymous_0)
DA:7,1
DA:14,3
DA:15,3
DA:17,3
DA:18,3
DA:19,3
DA:20,3
LF:7
LH:7
BRF:0
BRH:0
end_of_record
TN:
SF:src\parsers.js
FN:3,(anonymous_0)
FN:8,(anonymous_1)
FN:18,(anonymous_2)
FN:20,(anonymous_3)
FNF:4
FNH:4
FNDA:3,(anonymous_0)
FNDA:18,(anonymous_1)
FNDA:3,(anonymous_2)
FNDA:15,(anonymous_3)
DA:3,1
DA:4,3
DA:5,0
DA:6,0
DA:8,3
DA:9,18
DA:10,18
DA:11,18
DA:14,3
DA:15,3
DA:19,3
DA:20,3
DA:21,15
DA:24,6
DA:29,9
DA:32,3
DA:37,6
DA:41,3
DA:46,3
DA:54,3
DA:60,15
DA:62,3
DA:63,3
DA:65,3
LF:24
LH:22
BRDA:4,0,0,0
BRDA:4,0,1,3
BRDA:9,1,0,3
BRDA:9,1,1,15
BRDA:21,2,0,6
BRDA:21,2,1,9
BRDA:29,3,0,3
BRDA:29,3,1,6
BRDA:37,4,0,3
BRDA:37,4,1,3
BRF:10
BRH:9
end_of_record
