TN:
SF:src\index.js
FN:22,(anonymous_0)
FNF:1
FNH:1
FNDA:8,(anonymous_0)
DA:10,1
DA:16,1
DA:23,8
DA:24,8
DA:26,8
DA:27,8
DA:28,8
DA:29,8
DA:30,8
LF:9
LH:9
BRDA:22,0,0,6
BRF:1
BRH:1
end_of_record
TN:
SF:src\parsers.js
FN:3,(anonymous_0)
FN:5,(anonymous_1)
FN:56,(anonymous_2)
FNF:3
FNH:3
FNDA:38,(anonymous_0)
FNDA:110,(anonymous_1)
FNDA:8,(anonymous_2)
DA:3,1
DA:4,38
DA:5,38
DA:6,110
DA:14,110
DA:16,31
DA:17,31
DA:18,31
DA:20,31
DA:21,10
DA:23,79
DA:25,13
DA:26,13
DA:27,13
DA:28,13
DA:29,5
DA:34,66
DA:35,66
DA:37,66
DA:38,66
DA:40,66
DA:42,46
DA:43,20
DA:44,15
DA:45,15
DA:46,15
DA:48,5
DA:51,110
DA:53,38
DA:56,8
LF:30
LH:30
BRDA:14,0,0,31
BRDA:14,0,1,79
BRDA:20,1,0,10
BRDA:20,1,1,21
BRDA:23,2,0,13
BRDA:23,2,1,66
BRDA:28,3,0,5
BRDA:28,3,1,8
BRDA:40,4,0,46
BRDA:40,4,1,20
BRDA:40,5,0,66
BRDA:40,5,1,46
BRDA:42,6,0,33
BRDA:42,6,1,13
BRDA:43,7,0,15
BRDA:43,7,1,5
BRDA:43,8,0,20
BRDA:43,8,1,15
BRF:18
BRH:18
end_of_record
TN:
SF:src\formatters\json-formatter.js
FN:2,(anonymous_0)
FNF:1
FNH:1
FNDA:1,(anonymous_0)
DA:2,1
LF:1
LH:1
BRF:0
BRH:0
end_of_record
TN:
SF:src\formatters\plain-formatter.js
FN:1,(anonymous_0)
FN:8,(anonymous_1)
FN:23,(anonymous_2)
FN:23,(anonymous_3)
FN:36,(anonymous_4)
FNF:5
FNH:5
FNDA:26,(anonymous_0)
FNDA:13,(anonymous_1)
FNDA:4,(anonymous_2)
FNDA:16,(anonymous_3)
FNDA:1,(anonymous_4)
DA:1,1
DA:2,26
DA:3,21
DA:5,5
DA:8,1
DA:9,13
DA:10,13
DA:11,13
DA:13,5
DA:15,2
DA:17,3
DA:19,3
DA:23,4
DA:24,16
DA:25,3
DA:26,3
DA:28,13
DA:29,13
DA:30,13
DA:31,3
DA:33,10
DA:36,1
LF:22
LH:22
BRDA:2,0,0,21
BRDA:2,0,1,5
BRDA:11,1,0,5
BRDA:11,1,1,2
BRDA:11,1,2,3
BRDA:11,1,3,3
BRDA:24,2,0,3
BRDA:24,2,1,13
BRDA:24,3,0,16
BRDA:24,3,1,6
BRDA:24,3,2,4
BRDA:30,4,0,3
BRDA:30,4,1,10
BRF:13
BRH:13
end_of_record
TN:
SF:src\formatters\txt-formatter.js
FN:3,(anonymous_0)
FN:8,(anonymous_1)
FN:15,(anonymous_2)
FN:26,(anonymous_3)
FN:28,(anonymous_4)
FN:50,(anonymous_5)
FNF:6
FNH:6
FNDA:78,(anonymous_0)
FNDA:9,(anonymous_1)
FNDA:72,(anonymous_2)
FNDA:24,(anonymous_3)
FNDA:72,(anonymous_4)
FNDA:6,(anonymous_5)
DA:1,1
DA:3,1
DA:4,78
DA:5,78
DA:6,69
DA:8,9
DA:9,9
DA:10,9
DA:12,9
DA:15,1
DA:16,72
DA:18,21
DA:20,9
DA:22,42
DA:26,1
DA:27,24
DA:28,24
DA:29,72
DA:30,72
DA:31,18
DA:32,18
DA:34,54
DA:35,54
DA:37,54
DA:38,42
DA:40,12
DA:41,12
DA:42,12
DA:46,24
DA:47,24
DA:51,6
DA:52,6
LF:32
LH:32
BRDA:5,0,0,69
BRDA:5,0,1,9
BRDA:16,1,0,21
BRDA:16,1,1,9
BRDA:16,1,2,42
BRDA:26,2,0,6
BRDA:30,3,0,18
BRDA:30,3,1,54
BRDA:34,4,0,6
BRDA:34,4,1,48
BRDA:37,5,0,42
BRDA:37,5,1,12
BRF:12
BRH:12
end_of_record
